-------------------------------------------------------------------------------
Test set: rockets.web.AppSystemTest
-------------------------------------------------------------------------------
Tests run: 2, Failures: 1, Errors: 0, Skipped: 0, Time elapsed: 25.848 s <<< FAILURE! - in rockets.web.AppSystemTest
shouldNotRecreateUser  Time elapsed: 1.158 s  <<< FAILURE!
java.lang.AssertionError: Text found in response when not expected: [Welcome back: Jane Who!]
	at rockets.web.AppSystemTest.shouldNotRecreateUser(AppSystemTest.java:142)

